
> vibe-generated-app@1.0.0 dev
> vite


  VITE v5.4.20  ready in 303 ms

  ➜  Local:   http://localhost:3000/
  ➜  Network: http://172.20.14.36:3000/
5:25:40 PM [vite] Pre-transform error: Failed to resolve import "recharts" from "src/components/DemandInsights.jsx". Does the file exist?
5:25:42 PM [vite] Internal server error: Failed to resolve import "recharts" from "src/components/DemandInsights.jsx". Does the file exist?
  Plugin: vite:import-analysis
  File: /home/workspace/src/components/DemandInsights.jsx:1:116
  1  |  import { jsxDEV } from "react/jsx-dev-runtime";
  2  |  import { LineChart, Line, XAxis, YAxis, CartesianGrid, Tooltip, ResponsiveContainer, Legend, Area, AreaChart } from "recharts";
     |                                                                                                                       ^
  3  |  import { BarChart3 } from "lucide-react";
  4  |  const sample = Array.from({ length: 14 }).map((_, i) => {
      at TransformPluginContext._formatError (file:///home/workspace/node_modules/vite/dist/node/chunks/dep-D_zLpgQd.js:49258:41)
      at TransformPluginContext.error (file:///home/workspace/node_modules/vite/dist/node/chunks/dep-D_zLpgQd.js:49253:16)
      at normalizeUrl (file:///home/workspace/node_modules/vite/dist/node/chunks/dep-D_zLpgQd.js:64306:23)
      at process.processTicksAndRejections (node:internal/process/task_queues:105:5)
      at async file:///home/workspace/node_modules/vite/dist/node/chunks/dep-D_zLpgQd.js:64438:39
      at async Promise.all (index 1)
      at async TransformPluginContext.transform (file:///home/workspace/node_modules/vite/dist/node/chunks/dep-D_zLpgQd.js:64365:7)
      at async PluginContainer.transform (file:///home/workspace/node_modules/vite/dist/node/chunks/dep-D_zLpgQd.js:49099:18)
      at async loadAndTransform (file:///home/workspace/node_modules/vite/dist/node/chunks/dep-D_zLpgQd.js:51977:27)
      at async viteTransformMiddleware (file:///home/workspace/node_modules/vite/dist/node/chunks/dep-D_zLpgQd.js:62105:24)
